<?xml version="1.0" encoding="UTF-8"?>
<testsuite name="simulator.ServerTest" tests="4" skipped="0" failures="0" errors="0" timestamp="2025-06-08T12:10:31.742Z" hostname="wEnBo-2.local" time="0.003">
  <properties/>
  <testcase name="testQueueUpdate()" classname="simulator.ServerTest" time="0.001"/>
  <testcase name="testUpdateRest()" classname="simulator.ServerTest" time="0.001"/>
  <testcase name="testRestTimeSupplier()" classname="simulator.ServerTest" time="0.001"/>
  <testcase name="testIsHuman()" classname="simulator.ServerTest" time="0.0"/>
  <system-out><![CDATA[]]></system-out>
  <system-err><![CDATA[]]></system-err>
</testsuite>
