<?xml version="1.0" encoding="UTF-8"?>
<testsuite name="simulator.StatisticsTest" tests="4" skipped="0" failures="0" errors="0" timestamp="2025-06-08T12:10:27.807Z" hostname="wEnBo-2.local" time="0.015">
  <properties/>
  <testcase name="testIncrementTotalWaitTime()" classname="simulator.StatisticsTest" time="0.01"/>
  <testcase name="testIncrementCustLeft()" classname="simulator.StatisticsTest" time="0.0"/>
  <testcase name="testStatsToString()" classname="simulator.StatisticsTest" time="0.001"/>
  <testcase name="testIncrementCustServed()" classname="simulator.StatisticsTest" time="0.0"/>
  <system-out><![CDATA[]]></system-out>
  <system-err><![CDATA[]]></system-err>
</testsuite>
