<?xml version="1.0" encoding="UTF-8"?>
<testsuite name="simulator.SimulatorTest" tests="3" skipped="0" failures="0" errors="0" timestamp="2025-06-08T12:10:31.750Z" hostname="wEnBo-2.local" time="0.005">
  <properties/>
  <testcase name="testSimulationWithRest()" classname="simulator.SimulatorTest" time="0.002"/>
  <testcase name="testSimulationEdgeCaseZeroCustomers()" classname="simulator.SimulatorTest" time="0.001"/>
  <testcase name="testBasicSimulationNoRest()" classname="simulator.SimulatorTest" time="0.002"/>
  <system-out><![CDATA[0.000 1 arrives
0.000 1 serves by 1
1.000 1 done serving by 1
1.000 2 arrives
1.000 2 waits at 1
2.000 3 arrives
2.000 3 leaves
3.000 2 serves by 1
4.000 2 done serving by 1
0.000 1 arrives
0.000 1 serves by 1
1.000 1 done serving by 1
1.000 2 arrives
1.000 2 serves by 1
2.000 2 done serving by 1
2.000 3 arrives
2.000 3 serves by 1
3.000 3 done serving by 1
]]></system-out>
  <system-err><![CDATA[]]></system-err>
</testsuite>
