<?xml version="1.0" encoding="UTF-8"?>
<testsuite name="simulator.PQTest" tests="2" skipped="0" failures="0" errors="0" timestamp="2025-06-08T12:10:31.741Z" hostname="wEnBo-2.local" time="0.001">
  <properties/>
  <testcase name="testAddAndPoll()" classname="simulator.PQTest" time="0.0"/>
  <testcase name="testIsEmpty()" classname="simulator.PQTest" time="0.001"/>
  <system-out><![CDATA[]]></system-out>
  <system-err><![CDATA[]]></system-err>
</testsuite>
