<?xml version="1.0" encoding="UTF-8"?>
<testsuite name="com.example.simserver.SimulatorControllerTest" tests="5" skipped="0" failures="0" errors="0" timestamp="2025-06-08T12:10:30.869Z" hostname="wEnBo-2.local" time="0.865">
  <properties/>
  <testcase name="simulationsIdEndpointReturnsResultOrNull()" classname="com.example.simserver.SimulatorControllerTest" time="0.755"/>
  <testcase name="metricsEndpointReturnsSystemMetrics()" classname="com.example.simserver.SimulatorControllerTest" time="0.079"/>
  <testcase name="simulationsEndpointReturnsList()" classname="com.example.simserver.SimulatorControllerTest" time="0.008"/>
  <testcase name="simulateEndpointHandlesInvalidParams()" classname="com.example.simserver.SimulatorControllerTest" time="0.01"/>
  <testcase name="simulateEndpointReturnsSimulationResult()" classname="com.example.simserver.SimulatorControllerTest" time="0.009"/>
  <system-out><![CDATA[20:10:27.934 [Test worker] INFO org.springframework.test.context.support.AnnotationConfigContextLoaderUtils -- Could not detect default configuration classes for test class [com.example.simserver.SimulatorControllerTest]: SimulatorControllerTest does not declare any static, non-private, non-final, nested classes annotated with @Configuration.
20:10:28.013 [Test worker] INFO org.springframework.boot.test.context.SpringBootTestContextBootstrapper -- Found @SpringBootConfiguration com.example.simserver.SimulatorApplication for test class com.example.simserver.SimulatorControllerTest

  .   ____          _            __ _ _
 /\\ / ___'_ __ _ _(_)_ __  __ _ \ \ \ \
( ( )\___ | '_ | '_| | '_ \/ _` | \ \ \ \
 \\/  ___)| |_)| | | | | || (_| |  ) ) ) )
  '  |____| .__|_| |_|_| |_\__, | / / / /
 =========|_|==============|___/=/_/_/_/
 :: Spring Boot ::                (v3.2.4)

2025-06-08T20:10:28.268+08:00  INFO 31258 --- [    Test worker] c.e.simserver.SimulatorControllerTest    : Starting SimulatorControllerTest using Java 21.0.7 with PID 31258 (started by jwbprince in /Users/jwbprince/Desktop/UPenn/Project BNXF/Discrete-Event-Simulator-Project)
2025-06-08T20:10:28.269+08:00  INFO 31258 --- [    Test worker] c.e.simserver.SimulatorControllerTest    : No active profile set, falling back to 1 default profile: "default"
2025-06-08T20:10:28.659+08:00  INFO 31258 --- [    Test worker] .s.d.r.c.RepositoryConfigurationDelegate : Bootstrapping Spring Data JPA repositories in DEFAULT mode.
2025-06-08T20:10:28.701+08:00  INFO 31258 --- [    Test worker] .s.d.r.c.RepositoryConfigurationDelegate : Finished Spring Data repository scanning in 35 ms. Found 1 JPA repository interface.
2025-06-08T20:10:29.020+08:00  INFO 31258 --- [    Test worker] o.hibernate.jpa.internal.util.LogHelper  : HHH000204: Processing PersistenceUnitInfo [name: default]
2025-06-08T20:10:29.073+08:00  INFO 31258 --- [    Test worker] org.hibernate.Version                    : HHH000412: Hibernate ORM core version 6.4.4.Final
2025-06-08T20:10:29.107+08:00  INFO 31258 --- [    Test worker] o.h.c.internal.RegionFactoryInitiator    : HHH000026: Second-level cache disabled
2025-06-08T20:10:29.330+08:00  INFO 31258 --- [    Test worker] o.s.o.j.p.SpringPersistenceUnitInfo      : No LoadTimeWeaver setup: ignoring JPA class transformer
2025-06-08T20:10:29.360+08:00  INFO 31258 --- [    Test worker] com.zaxxer.hikari.HikariDataSource       : HikariPool-1 - Starting...
2025-06-08T20:10:29.549+08:00  INFO 31258 --- [    Test worker] com.zaxxer.hikari.pool.HikariPool        : HikariPool-1 - Added connection conn0: url=jdbc:h2:mem:testdb user=SA
2025-06-08T20:10:29.550+08:00  INFO 31258 --- [    Test worker] com.zaxxer.hikari.HikariDataSource       : HikariPool-1 - Start completed.
2025-06-08T20:10:30.225+08:00  INFO 31258 --- [    Test worker] o.h.e.t.j.p.i.JtaPlatformInitiator       : HHH000489: No JTA platform available (set 'hibernate.transaction.jta.platform' to enable JTA platform integration)
2025-06-08T20:10:30.252+08:00  INFO 31258 --- [    Test worker] j.LocalContainerEntityManagerFactoryBean : Initialized JPA EntityManagerFactory for persistence unit 'default'
2025-06-08T20:10:30.531+08:00  WARN 31258 --- [    Test worker] JpaBaseConfiguration$JpaWebConfiguration : spring.jpa.open-in-view is enabled by default. Therefore, database queries may be performed during view rendering. Explicitly configure spring.jpa.open-in-view to disable this warning
2025-06-08T20:10:30.834+08:00  INFO 31258 --- [    Test worker] o.s.b.t.m.w.SpringBootMockServletContext : Initializing Spring TestDispatcherServlet ''
2025-06-08T20:10:30.834+08:00  INFO 31258 --- [    Test worker] o.s.t.web.servlet.TestDispatcherServlet  : Initializing Servlet ''
2025-06-08T20:10:30.836+08:00  INFO 31258 --- [    Test worker] o.s.t.web.servlet.TestDispatcherServlet  : Completed initialization in 1 ms
2025-06-08T20:10:30.857+08:00  INFO 31258 --- [    Test worker] c.e.simserver.SimulatorControllerTest    : Started SimulatorControllerTest in 2.743 seconds (process running for 3.616)
0.000 1 arrives
0.000 1 serves by 1
0.076 2 arrives
0.076 2 waits at 1
0.381 1 done serving by 1
0.381 2 serves by 1
0.492 2 done serving by 1
0.000 1 arrives
0.000 1 leaves
0.446 2 arrives
0.446 2 leaves
0.740 3 arrives
0.740 3 leaves
1.284 4 arrives
1.284 4 leaves
1.667 5 arrives
1.667 5 leaves
2.438 6 arrives
2.438 6 leaves
5.835 7 arrives
5.835 7 leaves
6.253 8 arrives
6.253 8 leaves
6.852 9 arrives
6.852 9 leaves
8.272 10 arrives
8.272 10 leaves
0.000 1 arrives
0.000 1 serves by 1
0.523 2 arrives
0.523 2 serves by 2
0.740 3 arrives
0.740 3 serves by self-check 3
0.936 4 arrives
0.936 4 waits at 1
1.326 5 arrives
1.326 5 waits at 1
2.176 3 done serving by self-check 3
2.842 2 done serving by 2
3.258 1 done serving by 1
3.258 4 serves by 1
5.604 4 done serving by 1
5.604 5 serves by 1
5.805 5 done serving by 1
]]></system-out>
  <system-err><![CDATA[WARNING: A Java agent has been loaded dynamically (/Users/jwbprince/.gradle/caches/modules-2/files-2.1/net.bytebuddy/byte-buddy-agent/1.14.12/be4984cb6fd1ef1d11f218a648889dfda44b8a15/byte-buddy-agent-1.14.12.jar)
WARNING: If a serviceability tool is in use, please run with -XX:+EnableDynamicAgentLoading to hide this warning
WARNING: If a serviceability tool is not in use, please run with -Djdk.instrument.traceUsage for more information
WARNING: Dynamic loading of agents will be disallowed by default in a future release
]]></system-err>
</testsuite>
