<?xml version="1.0" encoding="UTF-8"?>
<testsuite name="simulator.ImListTest" tests="4" skipped="0" failures="0" errors="0" timestamp="2025-06-08T12:10:31.736Z" hostname="wEnBo-2.local" time="0.004">
  <properties/>
  <testcase name="testSet()" classname="simulator.ImListTest" time="0.002"/>
  <testcase name="testSize()" classname="simulator.ImListTest" time="0.0"/>
  <testcase name="testAddAndGet()" classname="simulator.ImListTest" time="0.0"/>
  <testcase name="testRemove()" classname="simulator.ImListTest" time="0.001"/>
  <system-out><![CDATA[]]></system-out>
  <system-err><![CDATA[]]></system-err>
</testsuite>
